<?xml version="1.0" encoding="UTF-8" ?>
<testsuite failures="0" time="0.008" errors="0" skipped="0" tests="3" name="br.ufg.inf.fabrica.mural.central.persistencia.PublicacaoDaoTest">
  <properties>
[...]
</properties>
  <testcase time="0.008" classname="br.ufg.inf.fabrica.mural.central.persistencia.PublicacaoDaoTest" name="testObterPublicacoes"/>
  <testcase time="0" classname="br.ufg.inf.fabrica.mural.central.persistencia.PublicacaoDaoTest" name="testMudaEstadoPublicacao"/>
  <testcase time="0" classname="br.ufg.inf.fabrica.mural.central.persistencia.PublicacaoDaoTest" name="testConsultarPublicacoes"/>
</testsuite>